<?xml version="1.0" encoding="UTF-8"?>
<!-- Generated by org.testng.reporters.JUnitXMLReporter -->
<testsuite ignored="0" hostname="Sid-PC" failures="0" tests="4" name="Surefire test" time="47.999" errors="0" timestamp="2024-05-16T21:42:50 IST">
  <testcase classname="tests.GoogleSearchTest" name="googleSearchTestPositve" time="10.002"/>
  <testcase classname="tests.GoogleSearchTest" name="googleSearchTestPositve" time="11.481"/>
  <testcase classname="tests.GoogleSearchTest" name="googleSearchTestPositve" time="10.342"/>
  <testcase classname="tests.GoogleSearchTest" name="googleSearchTestPositve" time="11.167"/>
</testsuite> <!-- Surefire test -->
