<?xml version="1.0" encoding="UTF-8"?>
<testng-results ignored="0" total="1" passed="1" failed="0" skipped="0">
  <reporter-output>
  </reporter-output>
  <suite started-at="2024-05-14T22:10:44 IST" name="Surefire suite" finished-at="2024-05-14T22:10:54 IST" duration-ms="9888">
    <groups>
    </groups>
    <test started-at="2024-05-14T22:10:44 IST" name="Surefire test" finished-at="2024-05-14T22:10:54 IST" duration-ms="9888">
      <class name="tests.GoogleSearchTest">
        <test-method is-config="true" signature="beforeSuite()[pri:0, instance:tests.GoogleSearchTest@49c386c8]" started-at="2024-05-14T22:10:44 IST" name="beforeSuite" finished-at="2024-05-14T22:10:44 IST" duration-ms="28" status="PASS">
          <reporter-output>
          </reporter-output>
        </test-method> <!-- beforeSuite -->
        <test-method is-config="true" signature="beforeTest()[pri:0, instance:tests.GoogleSearchTest@49c386c8]" started-at="2024-05-14T22:10:44 IST" name="beforeTest" finished-at="2024-05-14T22:10:53 IST" duration-ms="9274" status="PASS">
          <reporter-output>
          </reporter-output>
        </test-method> <!-- beforeTest -->
        <test-method signature="googleSearchTestPositve()[pri:0, instance:tests.GoogleSearchTest@49c386c8]" started-at="2024-05-14T22:10:53 IST" name="googleSearchTestPositve" finished-at="2024-05-14T22:10:53 IST" duration-ms="7" status="PASS">
          <reporter-output>
          </reporter-output>
        </test-method> <!-- googleSearchTestPositve -->
        <test-method is-config="true" signature="afterTest()[pri:0, instance:tests.GoogleSearchTest@49c386c8]" started-at="2024-05-14T22:10:53 IST" name="afterTest" finished-at="2024-05-14T22:10:54 IST" duration-ms="506" status="PASS">
          <reporter-output>
          </reporter-output>
        </test-method> <!-- afterTest -->
        <test-method is-config="true" signature="afterSuite()[pri:0, instance:tests.GoogleSearchTest@49c386c8]" started-at="2024-05-14T22:10:54 IST" name="afterSuite" finished-at="2024-05-14T22:10:54 IST" duration-ms="1" status="PASS">
          <reporter-output>
          </reporter-output>
        </test-method> <!-- afterSuite -->
      </class> <!-- tests.GoogleSearchTest -->
    </test> <!-- Surefire test -->
  </suite> <!-- Surefire suite -->
</testng-results>
