<?xml version="1.0" encoding="UTF-8"?>
<testng-results ignored="0" total="4" passed="4" failed="0" skipped="0">
  <reporter-output>
  </reporter-output>
  <suite started-at="2024-05-16T21:42:02 IST" name="Surefire suite" finished-at="2024-05-16T21:42:50 IST" duration-ms="47999">
    <groups>
    </groups>
    <test started-at="2024-05-16T21:42:02 IST" name="Surefire test" finished-at="2024-05-16T21:42:50 IST" duration-ms="47999">
      <class name="tests.GoogleSearchTest">
        <test-method is-config="true" signature="beforeSuite()[pri:0, instance:tests.GoogleSearchTest@4386f16]" started-at="2024-05-16T21:42:02 IST" name="beforeSuite" finished-at="2024-05-16T21:42:02 IST" duration-ms="24" status="PASS">
          <reporter-output>
          </reporter-output>
        </test-method> <!-- beforeSuite -->
        <test-method is-config="true" signature="beforeTest()[pri:0, instance:tests.GoogleSearchTest@4386f16]" started-at="2024-05-16T21:42:02 IST" name="beforeTest" finished-at="2024-05-16T21:42:06 IST" duration-ms="4503" status="PASS">
          <reporter-output>
          </reporter-output>
        </test-method> <!-- beforeTest -->
        <test-method signature="googleSearchTestPositve(java.lang.String,java.lang.String,java.lang.String,java.lang.String,java.lang.String)[pri:0, instance:tests.GoogleSearchTest@4386f16]" started-at="2024-05-16T21:42:06 IST" name="googleSearchTestPositve" data-provider="loginProvider" finished-at="2024-05-16T21:42:16 IST" duration-ms="10002" status="PASS">
          <params>
            <param index="0">
              <value>
                <![CDATA[https://demo.guru99.com/V1/index.php]]>
              </value>
            </param>
            <param index="1">
              <value>
                <![CDATA[uid]]>
              </value>
            </param>
            <param index="2">
              <value>
                <![CDATA[mngr571718]]>
              </value>
            </param>
            <param index="3">
              <value>
                <![CDATA[password]]>
              </value>
            </param>
            <param index="4">
              <value>
                <![CDATA[hdsajda]]>
              </value>
            </param>
          </params>
          <reporter-output>
          </reporter-output>
        </test-method> <!-- googleSearchTestPositve -->
        <test-method signature="googleSearchTestPositve(java.lang.String,java.lang.String,java.lang.String,java.lang.String,java.lang.String)[pri:0, instance:tests.GoogleSearchTest@4386f16]" started-at="2024-05-16T21:42:16 IST" name="googleSearchTestPositve" data-provider="loginProvider" finished-at="2024-05-16T21:42:28 IST" duration-ms="11481" status="PASS">
          <params>
            <param index="0">
              <value>
                <![CDATA[https://demo.guru99.com/V1/index.php]]>
              </value>
            </param>
            <param index="1">
              <value>
                <![CDATA[uid]]>
              </value>
            </param>
            <param index="2">
              <value>
                <![CDATA[mngr5717]]>
              </value>
            </param>
            <param index="3">
              <value>
                <![CDATA[password]]>
              </value>
            </param>
            <param index="4">
              <value>
                <![CDATA[patygYh]]>
              </value>
            </param>
          </params>
          <reporter-output>
          </reporter-output>
        </test-method> <!-- googleSearchTestPositve -->
        <test-method signature="googleSearchTestPositve(java.lang.String,java.lang.String,java.lang.String,java.lang.String,java.lang.String)[pri:0, instance:tests.GoogleSearchTest@4386f16]" started-at="2024-05-16T21:42:28 IST" name="googleSearchTestPositve" data-provider="loginProvider" finished-at="2024-05-16T21:42:38 IST" duration-ms="10342" status="PASS">
          <params>
            <param index="0">
              <value>
                <![CDATA[https://demo.guru99.com/V1/index.php]]>
              </value>
            </param>
            <param index="1">
              <value>
                <![CDATA[uid]]>
              </value>
            </param>
            <param index="2">
              <value>
                <![CDATA[sahdsd]]>
              </value>
            </param>
            <param index="3">
              <value>
                <![CDATA[password]]>
              </value>
            </param>
            <param index="4">
              <value>
                <![CDATA[hdkhsadskd]]>
              </value>
            </param>
          </params>
          <reporter-output>
          </reporter-output>
        </test-method> <!-- googleSearchTestPositve -->
        <test-method signature="googleSearchTestPositve(java.lang.String,java.lang.String,java.lang.String,java.lang.String,java.lang.String)[pri:0, instance:tests.GoogleSearchTest@4386f16]" started-at="2024-05-16T21:42:38 IST" name="googleSearchTestPositve" data-provider="loginProvider" finished-at="2024-05-16T21:42:49 IST" duration-ms="11167" status="PASS">
          <params>
            <param index="0">
              <value>
                <![CDATA[https://demo.guru99.com/V1/index.php]]>
              </value>
            </param>
            <param index="1">
              <value>
                <![CDATA[uid]]>
              </value>
            </param>
            <param index="2">
              <value>
                <![CDATA[mngr571718]]>
              </value>
            </param>
            <param index="3">
              <value>
                <![CDATA[password]]>
              </value>
            </param>
            <param index="4">
              <value>
                <![CDATA[patygYh]]>
              </value>
            </param>
          </params>
          <reporter-output>
          </reporter-output>
        </test-method> <!-- googleSearchTestPositve -->
        <test-method is-config="true" signature="afterTest()[pri:0, instance:tests.GoogleSearchTest@4386f16]" started-at="2024-05-16T21:42:49 IST" name="afterTest" finished-at="2024-05-16T21:42:50 IST" duration-ms="422" status="PASS">
          <reporter-output>
          </reporter-output>
        </test-method> <!-- afterTest -->
        <test-method is-config="true" signature="afterSuite()[pri:0, instance:tests.GoogleSearchTest@4386f16]" started-at="2024-05-16T21:42:50 IST" name="afterSuite" finished-at="2024-05-16T21:42:50 IST" duration-ms="1" status="PASS">
          <reporter-output>
          </reporter-output>
        </test-method> <!-- afterSuite -->
      </class> <!-- tests.GoogleSearchTest -->
    </test> <!-- Surefire test -->
  </suite> <!-- Surefire suite -->
</testng-results>
