<?xml version="1.0" encoding="UTF-8"?>
<testsuite xmlns:xsi="http://www.w3.org/2001/XMLSchema-instance" xsi:noNamespaceSchemaLocation="https://maven.apache.org/surefire/maven-surefire-plugin/xsd/surefire-test-report-3.0.xsd" version="3.0" name="tests.GoogleSearchTest" time="49.229" tests="4" errors="0" skipped="0" failures="0">
  <properties>
[...]
</properties>
  <testcase name="googleSearchTestPositve[https://demo.guru99.com/V1/index.php, uid, mngr571718, password, hdsajda](1)" classname="tests.GoogleSearchTest" time="10.005">
    <system-err><![CDATA[SLF4J: Failed to load class "org.slf4j.impl.StaticLoggerBinder".
SLF4J: Defaulting to no-operation (NOP) logger implementation
SLF4J: See http://www.slf4j.org/codes.html#StaticLoggerBinder for further details.
]]></system-err>
  </testcase>
  <testcase name="googleSearchTestPositve[https://demo.guru99.com/V1/index.php, uid, mngr5717, password, patygYh](2)" classname="tests.GoogleSearchTest" time="11.479"/>
  <testcase name="googleSearchTestPositve[https://demo.guru99.com/V1/index.php, uid, sahdsd, password, hdkhsadskd](3)" classname="tests.GoogleSearchTest" time="10.343"/>
  <testcase name="googleSearchTestPositve[https://demo.guru99.com/V1/index.php, uid, mngr571718, password, patygYh](4)" classname="tests.GoogleSearchTest" time="11.168"/>
</testsuite>