<?xml version="1.0" encoding="UTF-8"?>
<testng-results ignored="0" total="2" passed="2" failed="0" skipped="0">
  <reporter-output>
  </reporter-output>
  <suite started-at="2024-05-25T09:58:10 GST" name="Default suite" finished-at="2024-05-25T09:58:34 GST" duration-ms="24200">
    <groups>
    </groups>
    <test started-at="2024-05-25T09:58:10 GST" name="Default test" finished-at="2024-05-25T09:58:34 GST" duration-ms="24200">
      <class name="tests.GTPLBankLoginTest">
        <test-method is-config="true" signature="beforeSuite()[pri:0, instance:tests.GTPLBankLoginTest@c05fddc]" started-at="2024-05-25T09:58:10 GST" name="beforeSuite" finished-at="2024-05-25T09:58:10 GST" duration-ms="147" status="PASS">
          <reporter-output>
          </reporter-output>
        </test-method> <!-- beforeSuite -->
        <test-method is-config="true" signature="beforeTest()[pri:0, instance:tests.GTPLBankLoginTest@c05fddc]" started-at="2024-05-25T09:58:10 GST" name="beforeTest" finished-at="2024-05-25T09:58:10 GST" duration-ms="0" status="PASS">
          <reporter-output>
          </reporter-output>
        </test-method> <!-- beforeTest -->
        <test-method is-config="true" signature="beforeMethod()[pri:0, instance:tests.GTPLBankLoginTest@c05fddc]" started-at="2024-05-25T09:58:10 GST" name="beforeMethod" finished-at="2024-05-25T09:58:12 GST" duration-ms="2716" status="PASS">
          <reporter-output>
          </reporter-output>
        </test-method> <!-- beforeMethod -->
        <test-method signature="loginTest()[pri:0, instance:tests.GTPLBankLoginTest@c05fddc]" started-at="2024-05-25T09:58:12 GST" name="loginTest" finished-at="2024-05-25T09:58:23 GST" duration-ms="10733" status="PASS">
          <reporter-output>
          </reporter-output>
        </test-method> <!-- loginTest -->
        <test-method is-config="true" signature="afterMethod()[pri:0, instance:tests.GTPLBankLoginTest@c05fddc]" started-at="2024-05-25T09:58:23 GST" name="afterMethod" finished-at="2024-05-25T09:58:24 GST" duration-ms="326" status="PASS">
          <reporter-output>
          </reporter-output>
        </test-method> <!-- afterMethod -->
        <test-method is-config="true" signature="beforeMethod()[pri:0, instance:tests.GTPLBankLoginTest@c05fddc]" started-at="2024-05-25T09:58:24 GST" name="beforeMethod" finished-at="2024-05-25T09:58:25 GST" duration-ms="1240" status="PASS">
          <reporter-output>
          </reporter-output>
        </test-method> <!-- beforeMethod -->
        <test-method signature="newCustomerTest()[pri:0, instance:tests.GTPLBankLoginTest@c05fddc]" started-at="2024-05-25T09:58:25 GST" name="newCustomerTest" finished-at="2024-05-25T09:58:34 GST" duration-ms="8963" status="PASS">
          <reporter-output>
          </reporter-output>
        </test-method> <!-- newCustomerTest -->
        <test-method is-config="true" signature="afterMethod()[pri:0, instance:tests.GTPLBankLoginTest@c05fddc]" started-at="2024-05-25T09:58:34 GST" name="afterMethod" finished-at="2024-05-25T09:58:34 GST" duration-ms="196" status="PASS">
          <reporter-output>
          </reporter-output>
        </test-method> <!-- afterMethod -->
        <test-method is-config="true" signature="afterTest()[pri:0, instance:tests.GTPLBankLoginTest@c05fddc]" started-at="2024-05-25T09:58:34 GST" name="afterTest" finished-at="2024-05-25T09:58:34 GST" duration-ms="0" status="PASS">
          <reporter-output>
          </reporter-output>
        </test-method> <!-- afterTest -->
        <test-method is-config="true" signature="afterSuite()[pri:0, instance:tests.GTPLBankLoginTest@c05fddc]" started-at="2024-05-25T09:58:34 GST" name="afterSuite" finished-at="2024-05-25T09:58:34 GST" duration-ms="296" status="PASS">
          <reporter-output>
          </reporter-output>
        </test-method> <!-- afterSuite -->
      </class> <!-- tests.GTPLBankLoginTest -->
    </test> <!-- Default test -->
  </suite> <!-- Default suite -->
</testng-results>
